Tue Dec 01 15:38:54 CET 2015  [debug] AvalonLogSystem initialized using logfile 'velocity.log'
Tue Dec 01 15:38:54 CET 2015   [info] ************************************************************** 
Tue Dec 01 15:38:54 CET 2015   [info] Starting Jakarta Velocity v1.4
Tue Dec 01 15:38:54 CET 2015   [info] RuntimeInstance initializing.
Tue Dec 01 15:38:54 CET 2015   [info] Default Properties File: org/apache/velocity/runtime/defaults/velocity.properties
Tue Dec 01 15:38:54 CET 2015   [info] Trying to use logger class org.apache.velocity.runtime.log.AvalonLogSystem
Tue Dec 01 15:38:54 CET 2015   [info] Using logger class org.apache.velocity.runtime.log.AvalonLogSystem
Tue Dec 01 15:38:54 CET 2015   [info] Default ResourceManager initializing. (class org.apache.velocity.runtime.resource.ResourceManagerImpl)
Tue Dec 01 15:38:54 CET 2015   [info] Resource Loader Instantiated: org.apache.velocity.runtime.resource.loader.FileResourceLoader
Tue Dec 01 15:38:54 CET 2015   [info] FileResourceLoader : initialization starting.
Tue Dec 01 15:38:54 CET 2015   [info] FileResourceLoader : adding path '/home/pisti/altera/13.0sp1/ip/altera/fft/lib//template'
Tue Dec 01 15:38:54 CET 2015   [info] FileResourceLoader : adding path '.'
Tue Dec 01 15:38:54 CET 2015   [info] FileResourceLoader : initialization complete.
Tue Dec 01 15:38:54 CET 2015   [info] Resource Loader Instantiated: org.apache.velocity.runtime.resource.loader.JarResourceLoader
Tue Dec 01 15:38:54 CET 2015   [info] JarResourceLoader : initialization starting.
Tue Dec 01 15:38:54 CET 2015   [info] JarResourceLoader # of paths : 0
Tue Dec 01 15:38:54 CET 2015   [info] JarResourceLoader : initialization complete.
Tue Dec 01 15:38:54 CET 2015   [info] Resource Loader Instantiated: org.apache.velocity.runtime.resource.loader.ClasspathResourceLoader
Tue Dec 01 15:38:54 CET 2015   [info] ClasspathResourceLoader : initialization starting.
Tue Dec 01 15:38:54 CET 2015   [info] ClasspathResourceLoader : initialization complete.
Tue Dec 01 15:38:54 CET 2015   [info] ResourceCache : initialized. (class org.apache.velocity.runtime.resource.ResourceCacheImpl)
Tue Dec 01 15:38:54 CET 2015   [info] Default ResourceManager initialization complete.
Tue Dec 01 15:38:54 CET 2015   [info] Loaded System Directive: org.apache.velocity.runtime.directive.Literal
Tue Dec 01 15:38:54 CET 2015   [info] Loaded System Directive: org.apache.velocity.runtime.directive.Macro
Tue Dec 01 15:38:54 CET 2015   [info] Loaded System Directive: org.apache.velocity.runtime.directive.Parse
Tue Dec 01 15:38:54 CET 2015   [info] Loaded System Directive: org.apache.velocity.runtime.directive.Include
Tue Dec 01 15:38:54 CET 2015   [info] Loaded System Directive: org.apache.velocity.runtime.directive.Foreach
Tue Dec 01 15:38:54 CET 2015   [info] Created: 20 parsers.
Tue Dec 01 15:38:54 CET 2015   [info] Velocimacro : initialization starting.
Tue Dec 01 15:38:54 CET 2015   [info] Velocimacro : adding VMs from VM library template : VM_global_library.vm
Tue Dec 01 15:38:54 CET 2015   [info] Velocimacro : added new VM : #listall( list ) : source = VM_global_library.vm
Tue Dec 01 15:38:54 CET 2015   [info] Velocimacro : added new VM : #listlist( list ) : source = VM_global_library.vm
Tue Dec 01 15:38:54 CET 2015   [info] ResourceManager : found VM_global_library.vm with loader org.apache.velocity.runtime.resource.loader.ClasspathResourceLoader
Tue Dec 01 15:38:54 CET 2015   [info] Velocimacro :  VM library template macro registration complete.
Tue Dec 01 15:38:54 CET 2015   [info] Velocimacro : allowInline = true : VMs can be defined inline in templates
Tue Dec 01 15:38:54 CET 2015   [info] Velocimacro : allowInlineToOverride = false : VMs defined inline may NOT replace previous VM definitions
Tue Dec 01 15:38:54 CET 2015   [info] Velocimacro : allowInlineLocal = false : VMs defined inline will be  global in scope if allowed.
Tue Dec 01 15:38:54 CET 2015   [info] Velocimacro : messages on  : VM system will output logging messages
Tue Dec 01 15:38:54 CET 2015   [info] Velocimacro : autoload off  : VM system will not automatically reload global library macros
Tue Dec 01 15:38:54 CET 2015   [info] Velocimacro : initialization complete.
Tue Dec 01 15:38:54 CET 2015   [info] Velocity successfully started.
Tue Dec 01 15:38:54 CET 2015   [info] ResourceManager : found fft_top_vhdl_tb.vm with loader org.apache.velocity.runtime.resource.loader.ClasspathResourceLoader
Tue Dec 01 15:38:54 CET 2015   [info] ResourceManager : found alt_license.txt with loader org.apache.velocity.runtime.resource.loader.ClasspathResourceLoader
Tue Dec 01 15:38:54 CET 2015   [info] ResourceManager : found fft_top_verilog_tb.vm with loader org.apache.velocity.runtime.resource.loader.ClasspathResourceLoader
Tue Dec 01 15:38:54 CET 2015   [info] ResourceManager : found alt_license_verilog.txt with loader org.apache.velocity.runtime.resource.loader.ClasspathResourceLoader
Tue Dec 01 15:38:54 CET 2015   [info] ResourceManager : found matlab_tb.vm with loader org.apache.velocity.runtime.resource.loader.ClasspathResourceLoader
Tue Dec 01 15:38:54 CET 2015   [info] ResourceManager : found matlab_model.vm with loader org.apache.velocity.runtime.resource.loader.ClasspathResourceLoader
Tue Dec 01 15:38:54 CET 2015   [info] ResourceManager : found set_nativelink_tcl.vm with loader org.apache.velocity.runtime.resource.loader.ClasspathResourceLoader
Tue Dec 01 15:38:54 CET 2015   [info] ResourceManager : found alt_license_tcl.txt with loader org.apache.velocity.runtime.resource.loader.ClasspathResourceLoader
